
Windows IP Configuration


Ethernet adapter Ethernet 2:

   Media State . . . . . . . . . . . : Media disconnected
   Connection-specific DNS Suffix  . : 

Unknown adapter Local Area Connection:

   Media State . . . . . . . . . . . : Media disconnected
   Connection-specific DNS Suffix  . : 

Wireless LAN adapter Local Area Connection* 1:

   Media State . . . . . . . . . . . : Media disconnected
   Connection-specific DNS Suffix  . : 

Wireless LAN adapter Local Area Connection* 2:

   Media State . . . . . . . . . . . : Media disconnected
   Connection-specific DNS Suffix  . : 

Ethernet adapter VMware Network Adapter VMnet1:

   Connection-specific DNS Suffix  . : 
   Link-local IPv6 Address . . . . . : fe80::712f:4e2e:2f19:a610%21
   IPv4 Address. . . . . . . . . . . : 192.168.74.1
   Subnet Mask . . . . . . . . . . . : 255.255.255.0
   Default Gateway . . . . . . . . . : 

Ethernet adapter VMware Network Adapter VMnet8:

   Connection-specific DNS Suffix  . : 
   Link-local IPv6 Address . . . . . : fe80::55d2:15ec:cc9d:f3af%3
   IPv4 Address. . . . . . . . . . . : 192.168.58.1
   Subnet Mask . . . . . . . . . . . : 255.255.255.0
   Default Gateway . . . . . . . . . : 

Wireless LAN adapter Wi-Fi:

   Connection-specific DNS Suffix  . : saveetha.net
   Link-local IPv6 Address . . . . . : fe80::8d3:73c2:afb2:dfa%13
   IPv4 Address. . . . . . . . . . . : 180.235.121.245
   Subnet Mask . . . . . . . . . . . : 255.255.240.0
   Default Gateway . . . . . . . . . : 172.23.48.1
